Release 14.7 - xst P.20131013 (nt)
Copyright (c) 1995-2013 Xilinx, Inc.  All rights reserved.
--> Parameter TMPDIR set to xst/projnav.tmp


Total REAL time to Xst completion: 0.00 secs
Total CPU time to Xst completion: 0.16 secs
 
--> Parameter xsthdpdir set to xst


Total REAL time to Xst completion: 0.00 secs
Total CPU time to Xst completion: 0.16 secs
 
--> Reading design: translatorSchemat.prj

TABLE OF CONTENTS
  1) Synthesis Options Summary
  2) HDL Compilation
  3) Design Hierarchy Analysis
  4) HDL Analysis
  5) HDL Synthesis
     5.1) HDL Synthesis Report
  6) Advanced HDL Synthesis
     6.1) Advanced HDL Synthesis Report
  7) Low Level Synthesis
  8) Partition Report
  9) Final Report

=========================================================================
*                      Synthesis Options Summary                        *
=========================================================================
---- Source Parameters
Input File Name                    : "translatorSchemat.prj"
Input Format                       : mixed
Ignore Synthesis Constraint File   : NO

---- Target Parameters
Output File Name                   : "translatorSchemat"
Output Format                      : NGC
Target Device                      : XC9500XL CPLDs

---- Source Options
Top Module Name                    : translatorSchemat
Automatic FSM Extraction           : YES
FSM Encoding Algorithm             : Auto
Safe Implementation                : No
Mux Extraction                     : Yes
Resource Sharing                   : YES

---- Target Options
Add IO Buffers                     : YES
MACRO Preserve                     : YES
XOR Preserve                       : YES
Equivalent register Removal        : YES

---- General Options
Optimization Goal                  : Speed
Optimization Effort                : 1
Keep Hierarchy                     : Yes
Netlist Hierarchy                  : As_Optimized
RTL Output                         : Yes
Hierarchy Separator                : /
Bus Delimiter                      : <>
Case Specifier                     : Maintain
Verilog 2001                       : YES

---- Other Options
Clock Enable                       : YES
wysiwyg                            : NO

=========================================================================


=========================================================================
*                          HDL Compilation                              *
=========================================================================
Compiling vhdl file "C:/Users/lab/Lab- Kamyszek-Szykulska/Lab6/translatorKodu/translatorKodu.vhd" in Library work.
Entity <translatorKodu> compiled.
ERROR:HDLParsers:1401 - "C:/Users/lab/Lab- Kamyszek-Szykulska/Lab6/translatorKodu/translatorKodu.vhd" Line 27. Object gray of mode OUT can not be read.
ERROR:HDLParsers:1402 - "C:/Users/lab/Lab- Kamyszek-Szykulska/Lab6/translatorKodu/translatorKodu.vhd" Line 27. Object bin of mode IN can not be updated.
ERROR:HDLParsers:1411 - "C:/Users/lab/Lab- Kamyszek-Szykulska/Lab6/translatorKodu/translatorKodu.vhd" Line 28. Parameter gray of mode out can not be associated with a formal parameter of mode in.
ERROR:HDLParsers:1411 - "C:/Users/lab/Lab- Kamyszek-Szykulska/Lab6/translatorKodu/translatorKodu.vhd" Line 28. Parameter gray of mode out can not be associated with a formal parameter of mode in.
ERROR:HDLParsers:1402 - "C:/Users/lab/Lab- Kamyszek-Szykulska/Lab6/translatorKodu/translatorKodu.vhd" Line 28. Object bin of mode IN can not be updated.
ERROR:HDLParsers:1411 - "C:/Users/lab/Lab- Kamyszek-Szykulska/Lab6/translatorKodu/translatorKodu.vhd" Line 29. Parameter gray of mode out can not be associated with a formal parameter of mode in.
ERROR:HDLParsers:1411 - "C:/Users/lab/Lab- Kamyszek-Szykulska/Lab6/translatorKodu/translatorKodu.vhd" Line 29. Parameter gray of mode out can not be associated with a formal parameter of mode in.
ERROR:HDLParsers:1402 - "C:/Users/lab/Lab- Kamyszek-Szykulska/Lab6/translatorKodu/translatorKodu.vhd" Line 29. Object bin of mode IN can not be updated.
ERROR:HDLParsers:1411 - "C:/Users/lab/Lab- Kamyszek-Szykulska/Lab6/translatorKodu/translatorKodu.vhd" Line 30. Parameter gray of mode out can not be associated with a formal parameter of mode in.
ERROR:HDLParsers:1411 - "C:/Users/lab/Lab- Kamyszek-Szykulska/Lab6/translatorKodu/translatorKodu.vhd" Line 30. Parameter gray of mode out can not be associated with a formal parameter of mode in.
ERROR:HDLParsers:1402 - "C:/Users/lab/Lab- Kamyszek-Szykulska/Lab6/translatorKodu/translatorKodu.vhd" Line 30. Object bin of mode IN can not be updated.
--> 

Total memory usage is 186940 kilobytes

Number of errors   :   11 (   0 filtered)
Number of warnings :    0 (   0 filtered)
Number of infos    :    0 (   0 filtered)

