Release 14.7 - xst P.20160913 (lin64)
Copyright (c) 1995-2013 Xilinx, Inc.  All rights reserved.
--> 
Parameter TMPDIR set to xst/projnav.tmp


Total REAL time to Xst completion: 0.00 secs
Total CPU time to Xst completion: 0.07 secs
 
--> 
Parameter xsthdpdir set to xst


Total REAL time to Xst completion: 0.00 secs
Total CPU time to Xst completion: 0.07 secs
 
--> 
Reading design: zamek.prj

TABLE OF CONTENTS
  1) Synthesis Options Summary
  2) HDL Parsing
  3) HDL Elaboration
  4) HDL Synthesis
       4.1) HDL Synthesis Report
  5) Advanced HDL Synthesis
       5.1) Advanced HDL Synthesis Report
  6) Low Level Synthesis
  7) Partition Report
  8) Design Summary
       8.1) Primitive and Black Box Usage
       8.2) Device utilization summary
       8.3) Partition Resource Summary
       8.4) Timing Report
            8.4.1) Clock Information
            8.4.2) Asynchronous Control Signals Information
            8.4.3) Timing Summary
            8.4.4) Timing Details
            8.4.5) Cross Clock Domains Report


=========================================================================
*                      Synthesis Options Summary                        *
=========================================================================
---- Source Parameters
Input File Name                    : "zamek.prj"
Ignore Synthesis Constraint File   : NO

---- Target Parameters
Output File Name                   : "zamek"
Output Format                      : NGC
Target Device                      : xa6slx4-3-csg225

---- Source Options
Top Module Name                    : zamek
Automatic FSM Extraction           : YES
FSM Encoding Algorithm             : Auto
Safe Implementation                : No
FSM Style                          : LUT
RAM Extraction                     : Yes
RAM Style                          : Auto
ROM Extraction                     : Yes
Shift Register Extraction          : YES
ROM Style                          : Auto
Resource Sharing                   : YES
Asynchronous To Synchronous        : NO
Shift Register Minimum Size        : 2
Use DSP Block                      : Auto
Automatic Register Balancing       : No

---- Target Options
LUT Combining                      : Auto
Reduce Control Sets                : Auto
Add IO Buffers                     : YES
Global Maximum Fanout              : 100000
Add Generic Clock Buffer(BUFG)     : 16
Register Duplication               : YES
Optimize Instantiated Primitives   : NO
Use Clock Enable                   : Auto
Use Synchronous Set                : Auto
Use Synchronous Reset              : Auto
Pack IO Registers into IOBs        : Auto
Equivalent register Removal        : YES

---- General Options
Optimization Goal                  : Speed
Optimization Effort                : 1
Power Reduction                    : NO
Keep Hierarchy                     : No
Netlist Hierarchy                  : As_Optimized
RTL Output                         : Yes
Global Optimization                : AllClockNets
Read Cores                         : YES
Write Timing Constraints           : NO
Cross Clock Analysis               : NO
Hierarchy Separator                : /
Bus Delimiter                      : <>
Case Specifier                     : Maintain
Slice Utilization Ratio            : 100
BRAM Utilization Ratio             : 100
DSP48 Utilization Ratio            : 100
Auto BRAM Packing                  : NO
Slice Utilization Ratio Delta      : 5

=========================================================================


=========================================================================
*                          HDL Parsing                                  *
=========================================================================
Parsing VHDL file "/home/ise/daaaga/lab6/zamek.vhd" into library work
Parsing entity <zamek>.
Parsing architecture <Behavioral> of entity <zamek>.

=========================================================================
*                            HDL Elaboration                            *
=========================================================================

Elaborating entity <zamek> (architecture <Behavioral>) from library <work>.

=========================================================================
*                           HDL Synthesis                               *
=========================================================================

Synthesizing Unit <zamek>.
    Related source file is "/home/ise/daaaga/lab6/zamek.vhd".
    Found 3-bit register for signal <state>.
    Found finite state machine <FSM_0> for signal <state>.
    -----------------------------------------------------------------------
    | States             | 6                                              |
    | Transitions        | 18                                             |
    | Inputs             | 2                                              |
    | Outputs            | 1                                              |
    | Clock              | CLK (rising_edge)                              |
    | Reset              | RE (positive)                                  |
    | Reset type         | synchronous                                    |
    | Reset State        | a                                              |
    | Power Up State     | a                                              |
    | Encoding           | auto                                           |
    | Implementation     | LUT                                            |
    -----------------------------------------------------------------------
    Summary:
	inferred   1 Finite State Machine(s).
Unit <zamek> synthesized.

=========================================================================
HDL Synthesis Report

Macro Statistics
# FSMs                                                 : 1

=========================================================================

=========================================================================
*                       Advanced HDL Synthesis                          *
=========================================================================


=========================================================================
Advanced HDL Synthesis Report

Macro Statistics
# FSMs                                                 : 1

=========================================================================

=========================================================================
*                         Low Level Synthesis                           *
=========================================================================
Analyzing FSM <MFsm> for best encoding.
Optimizing FSM <FSM_0> on signal <state[1:3]> with user encoding.
-------------------
 State | Encoding
-------------------
 a     | 000
 b     | 001
 c     | 010
 d     | 011
 e     | 100
 f     | 101
-------------------

Optimizing unit <zamek> ...

Mapping all equations...
Building and optimizing final netlist ...
Found area constraint ratio of 100 (+ 5) on block zamek, actual ratio is 0.

Final Macro Processing ...

=========================================================================
Final Register Report

Macro Statistics
# Registers                                            : 3
 Flip-Flops                                            : 3

=========================================================================

=========================================================================
*                           Partition Report                            *
=========================================================================

Partition Implementation Status
-------------------------------

  No Partitions were found in this design.

-------------------------------

=========================================================================
*                            Design Summary                             *
=========================================================================

Top Level Output File Name         : zamek.ngc

Primitive and Black Box Usage:
------------------------------
# BELS                             : 4
#      LUT2                        : 1
#      LUT4                        : 1
#      LUT5                        : 2
# FlipFlops/Latches                : 3
#      FDR                         : 3
# Clock Buffers                    : 1
#      BUFGP                       : 1
# IO Buffers                       : 4
#      IBUF                        : 3
#      OBUF                        : 1

Device utilization summary:
---------------------------

Selected Device : xa6slx4csg225-3 


Slice Logic Utilization: 
 Number of Slice Registers:               3  out of   4800     0%  
 Number of Slice LUTs:                    4  out of   2400     0%  
    Number used as Logic:                 4  out of   2400     0%  

Slice Logic Distribution: 
 Number of LUT Flip Flop pairs used:      7
   Number with an unused Flip Flop:       4  out of      7    57%  
   Number with an unused LUT:             3  out of      7    42%  
   Number of fully used LUT-FF pairs:     0  out of      7     0%  
   Number of unique control sets:         1

IO Utilization: 
 Number of IOs:                           5
 Number of bonded IOBs:                   5  out of    132     3%  

Specific Feature Utilization:
 Number of BUFG/BUFGCTRLs:                1  out of     16     6%  

---------------------------
Partition Resource Summary:
---------------------------

  No Partitions were found in this design.

---------------------------


=========================================================================
Timing Report

NOTE: THESE TIMING NUMBERS ARE ONLY A SYNTHESIS ESTIMATE.
      FOR ACCURATE TIMING INFORMATION PLEASE REFER TO THE TRACE REPORT
      GENERATED AFTER PLACE-and-ROUTE.

Clock Information:
------------------
-----------------------------------+------------------------+-------+
Clock Signal                       | Clock buffer(FF name)  | Load  |
-----------------------------------+------------------------+-------+
CLK                                | BUFGP                  | 3     |
-----------------------------------+------------------------+-------+

Asynchronous Control Signals Information:
----------------------------------------
No asynchronous control signals found in this design

Timing Summary:
---------------
Speed Grade: -3

   Minimum period: 1.599ns (Maximum Frequency: 625.293MHz)
   Minimum input arrival time before clock: 2.522ns
   Maximum output required time after clock: 4.587ns
   Maximum combinational path delay: No path found

Timing Details:
---------------
All values displayed in nanoseconds (ns)

=========================================================================
Timing constraint: Default period analysis for Clock 'CLK'
  Clock period: 1.599ns (frequency: 625.293MHz)
  Total number of paths / destination ports: 8 / 3
-------------------------------------------------------------------------
Delay:               1.599ns (Levels of Logic = 1)
  Source:            state_FSM_FFd2 (FF)
  Destination:       state_FSM_FFd1 (FF)
  Source Clock:      CLK rising
  Destination Clock: CLK rising

  Data Path: state_FSM_FFd2 to state_FSM_FFd1
                                Gate     Net
    Cell:in->out      fanout   Delay   Delay  Logical Name (Net Name)
    ----------------------------------------  ------------
     FDR:C->Q              2   0.447   0.845  state_FSM_FFd2 (state_FSM_FFd2)
     LUT5:I2->O            1   0.205   0.000  state_FSM_FFd1-In1 (state_FSM_FFd1-In)
     FDR:D                     0.102          state_FSM_FFd1
    ----------------------------------------
    Total                      1.599ns (0.754ns logic, 0.845ns route)
                                       (47.1% logic, 52.9% route)

=========================================================================
Timing constraint: Default OFFSET IN BEFORE for Clock 'CLK'
  Total number of paths / destination ports: 9 / 6
-------------------------------------------------------------------------
Offset:              2.522ns (Levels of Logic = 2)
  Source:            CE (PAD)
  Destination:       state_FSM_FFd1 (FF)
  Destination Clock: CLK rising

  Data Path: CE to state_FSM_FFd1
                                Gate     Net
    Cell:in->out      fanout   Delay   Delay  Logical Name (Net Name)
    ----------------------------------------  ------------
     IBUF:I->O             3   1.222   0.995  CE_IBUF (CE_IBUF)
     LUT5:I0->O            1   0.203   0.000  state_FSM_FFd1-In1 (state_FSM_FFd1-In)
     FDR:D                     0.102          state_FSM_FFd1
    ----------------------------------------
    Total                      2.522ns (1.527ns logic, 0.995ns route)
                                       (60.5% logic, 39.5% route)

=========================================================================
Timing constraint: Default OFFSET OUT AFTER for Clock 'CLK'
  Total number of paths / destination ports: 2 / 1
-------------------------------------------------------------------------
Offset:              4.587ns (Levels of Logic = 2)
  Source:            state_FSM_FFd3 (FF)
  Destination:       wyj (PAD)
  Source Clock:      CLK rising

  Data Path: state_FSM_FFd3 to wyj
                                Gate     Net
    Cell:in->out      fanout   Delay   Delay  Logical Name (Net Name)
    ----------------------------------------  ------------
     FDR:C->Q              4   0.447   0.788  state_FSM_FFd3 (state_FSM_FFd3)
     LUT2:I0->O            1   0.203   0.579  state_wyj1 (wyj_OBUF)
     OBUF:I->O                 2.571          wyj_OBUF (wyj)
    ----------------------------------------
    Total                      4.587ns (3.221ns logic, 1.366ns route)
                                       (70.2% logic, 29.8% route)

=========================================================================

Cross Clock Domains Report:
--------------------------

Clock to Setup on destination clock CLK
---------------+---------+---------+---------+---------+
               | Src:Rise| Src:Fall| Src:Rise| Src:Fall|
Source Clock   |Dest:Rise|Dest:Rise|Dest:Fall|Dest:Fall|
---------------+---------+---------+---------+---------+
CLK            |    1.599|         |         |         |
---------------+---------+---------+---------+---------+

=========================================================================


Total REAL time to Xst completion: 16.00 secs
Total CPU time to Xst completion: 13.81 secs
 
--> 


Total memory usage is 481956 kilobytes

Number of errors   :    0 (   0 filtered)
Number of warnings :    0 (   0 filtered)
Number of infos    :    0 (   0 filtered)

