Release 14.7 Map P.20131013 (nt)
Xilinx Mapping Report File for Design 'liczniik'

Design Information
------------------
Command Line   : map -intstyle ise -p xa6slx4-csg225-3 -w -logic_opt off -ol
high -t 1 -xt 0 -register_duplication off -r 4 -global_opt off -mt off -ir off
-pr off -lc off -power off -o liczniik_map.ncd liczniik.ngd liczniik.pcf 
Target Device  : xa6slx4
Target Package : csg225
Target Speed   : -3
Mapper Version : aspartan6 -- $Revision: 1.55 $
Mapped Date    : Wed Oct 24 09:45:13 2018

Design Summary
--------------
Number of errors   :   5
Number of warnings :   0

Section 1 - Errors
------------------
ERROR:MapLib:30 - LOC constraint P40 on Ce is invalid: No such site on the
   device. To bypass this error set the environment variable 'XIL_MAP_LOCWARN'.
ERROR:MapLib:30 - LOC constraint P42 on zerowanie is invalid: No such site on
   the device. To bypass this error set the environment variable
   'XIL_MAP_LOCWARN'.
ERROR:MapLib:30 - LOC constraint P33 on q1 is invalid: No such site on the
   device. To bypass this error set the environment variable 'XIL_MAP_LOCWARN'.
ERROR:MapLib:30 - LOC constraint P29 on q2 is invalid: No such site on the
   device. To bypass this error set the environment variable 'XIL_MAP_LOCWARN'.
ERROR:MapLib:30 - LOC constraint P35 on q3 is invalid: No such site on the
   device. To bypass this error set the environment variable 'XIL_MAP_LOCWARN'.

Section 2 - Warnings
--------------------
WARNING:Security:42 - Your software subscription period has lapsed. Your current
version of Xilinx tools will continue to function, but you no longer qualify for
Xilinx software updates or new releases.

Section 3 - Informational
-------------------------
INFO:Security:54 - 'xa6slx4' is a WebPack part.

Section 4 - Removed Logic Summary
---------------------------------

Section 5 - Removed Logic
-------------------------
